2024-01-15T09:00:01.000Z | SYSTEM | Questions seeded into database
2024-01-15T09:01:12.342Z | REGISTER | user=student1 | status=SUCCESS
2024-01-15T09:01:45.123Z | LOGIN | user=student1 | status=SUCCESS
2024-01-15T09:02:10.456Z | QUESTIONS_FETCHED | user=student1 | count=10
2024-01-15T09:12:30.789Z | QUIZ_ATTEMPT | user=student1 | score=8 | total=10 | percentage=80% | timeTaken=620s
2024-01-15T09:15:00.000Z | LOGOUT | user=student1
2024-01-15T09:20:11.111Z | LOGIN | user=admin | status=SUCCESS
2024-01-15T09:21:00.222Z | QUESTIONS_FETCHED | user=admin | count=10
2024-01-15T09:29:55.333Z | QUIZ_ATTEMPT | user=admin | score=10 | total=10 | percentage=100% | timeTaken=535s
2024-01-15T10:00:01.444Z | REGISTER | user=student2 | status=SUCCESS
2024-01-15T10:00:30.555Z | QUESTIONS_FETCHED | user=student2 | count=10
2024-01-15T10:10:15.666Z | QUIZ_ATTEMPT | user=student2 | score=5 | total=10 | percentage=50% | timeTaken=600s
2024-01-15T10:15:00.777Z | LOGIN | user=wronguser | status=USER_NOT_FOUND
2024-01-15T10:15:30.888Z | LOGIN | user=student1 | status=WRONG_PASSWORD
2024-01-15T11:00:00.999Z | QUIZ_ATTEMPT | user=student1 | score=9 | total=10 | percentage=90% | timeTaken=480s
2026-04-22T14:11:33.741Z | SYSTEM | Questions seeded into database
2026-04-22T14:13:15.018Z | LOGIN | user=drishti | status=USER_NOT_FOUND
2026-04-22T14:13:24.572Z | LOGIN | user=admin | status=USER_NOT_FOUND
2026-04-22T14:13:27.183Z | LOGIN | user=admin | status=USER_NOT_FOUND
2026-04-22T14:13:28.191Z | LOGIN | user=admin | status=USER_NOT_FOUND
2026-04-22T14:13:28.766Z | LOGIN | user=admin | status=USER_NOT_FOUND
2026-04-22T14:15:14.468Z | REGISTER | user=drishti | status=SUCCESS
2026-04-22T14:15:15.394Z | QUESTIONS_FETCHED | user=drishti | count=10
2026-04-22T14:15:47.066Z | QUIZ_ATTEMPT | user=drishti | score=3 | total=10 | percentage=30% | timeTaken=32s
2026-04-22T14:17:58.331Z | QUESTIONS_FETCHED | user=drishti | count=10
2026-04-22T14:18:01.949Z | LOGOUT | user=drishti
2026-04-22T14:18:22.855Z | LOGIN | user=drishti | status=SUCCESS
2026-04-22T14:18:23.757Z | QUESTIONS_FETCHED | user=drishti | count=10
2026-04-22T14:18:36.063Z | QUIZ_ATTEMPT | user=drishti | score=0 | total=10 | percentage=0% | timeTaken=12s
2026-04-22T14:18:51.810Z | QUESTIONS_FETCHED | user=drishti | count=10
2026-04-22T17:33:18.233Z | REGISTER | user=admin | status=SUCCESS
2026-04-22T17:33:19.146Z | QUESTIONS_FETCHED | user=admin | count=10
2026-04-22T17:34:30.762Z | QUIZ_ATTEMPT | user=admin | score=5 | total=10 | percentage=50% | timeTaken=72s
2026-04-22T17:34:46.613Z | QUESTIONS_FETCHED | user=admin | count=10
2026-04-22T17:34:50.333Z | LOGOUT | user=admin
